Started GET "/" for 127.0.0.1 at 2018-07-09 12:21:30 +1000
Processing by PagesController#homepage as HTML
  Rendering pages/homepage.html.erb within layouts/application
  Rendered pages/homepage.html.erb within layouts/application (6.4ms)
Completed 200 OK in 525ms (Views: 517.7ms | ActiveRecord: 0.0ms)


Started GET "/" for 127.0.0.1 at 2018-07-09 12:22:29 +1000
Processing by PagesController#homepage as HTML
  Rendering pages/homepage.html.erb within layouts/application
  Rendered pages/homepage.html.erb within layouts/application (0.3ms)
Completed 200 OK in 77ms (Views: 75.2ms | ActiveRecord: 0.0ms)


Started GET "/" for 127.0.0.1 at 2018-07-09 12:27:28 +1000
Processing by PagesController#homepage as HTML
  Rendering pages/homepage.html.erb within layouts/application
  Rendered pages/homepage.html.erb within layouts/application (0.3ms)
Completed 200 OK in 42ms (Views: 41.4ms | ActiveRecord: 0.0ms)


Started GET "/" for 127.0.0.1 at 2018-07-09 12:30:17 +1000
Processing by PagesController#homepage as HTML
  Rendering pages/homepage.html.erb within layouts/application
  Rendered pages/homepage.html.erb within layouts/application (1.4ms)
Completed 200 OK in 89ms (Views: 88.5ms | ActiveRecord: 0.0ms)


Started GET "/books" for 127.0.0.1 at 2018-07-09 12:30:19 +1000
Processing by PagesController#books as HTML
  Rendering pages/books.html.erb within layouts/application
  Rendered pages/books.html.erb within layouts/application (0.6ms)
Completed 200 OK in 58ms (Views: 57.5ms | ActiveRecord: 0.0ms)


Started GET "/stocks" for 127.0.0.1 at 2018-07-09 12:30:20 +1000
Processing by PagesController#stocks as HTML
  Rendering pages/stocks.html.erb within layouts/application
  Rendered pages/stocks.html.erb within layouts/application (0.3ms)
Completed 200 OK in 75ms (Views: 73.4ms | ActiveRecord: 0.0ms)


Started GET "/books" for 127.0.0.1 at 2018-07-09 12:30:22 +1000
Processing by PagesController#books as HTML
  Rendering pages/books.html.erb within layouts/application
  Rendered pages/books.html.erb within layouts/application (0.8ms)
Completed 200 OK in 79ms (Views: 77.7ms | ActiveRecord: 0.0ms)


Started GET "/" for 127.0.0.1 at 2018-07-09 12:30:23 +1000
Processing by PagesController#homepage as HTML
  Rendering pages/homepage.html.erb within layouts/application
  Rendered pages/homepage.html.erb within layouts/application (0.8ms)
Completed 200 OK in 92ms (Views: 90.4ms | ActiveRecord: 0.0ms)


Started GET "/" for 127.0.0.1 at 2018-07-09 12:32:08 +1000
Processing by PagesController#homepage as HTML
  Rendering pages/homepage.html.erb within layouts/application
  Rendered pages/homepage.html.erb within layouts/application (0.5ms)
Completed 200 OK in 100ms (Views: 98.2ms | ActiveRecord: 0.0ms)


Started GET "/books" for 127.0.0.1 at 2018-07-09 12:32:08 +1000
Processing by PagesController#books as HTML
  Rendering pages/books.html.erb within layouts/application
  Rendered pages/books.html.erb within layouts/application (0.3ms)
Completed 200 OK in 72ms (Views: 70.4ms | ActiveRecord: 0.0ms)


Started GET "/stocks" for 127.0.0.1 at 2018-07-09 12:32:09 +1000
Processing by PagesController#stocks as HTML
  Rendering pages/stocks.html.erb within layouts/application
  Rendered pages/stocks.html.erb within layouts/application (0.3ms)
Completed 200 OK in 69ms (Views: 67.7ms | ActiveRecord: 0.0ms)


Started GET "/books" for 127.0.0.1 at 2018-07-09 12:32:10 +1000
Processing by PagesController#books as HTML
  Rendering pages/books.html.erb within layouts/application
  Rendered pages/books.html.erb within layouts/application (0.6ms)
Completed 200 OK in 68ms (Views: 66.9ms | ActiveRecord: 0.0ms)


Started GET "/" for 127.0.0.1 at 2018-07-09 12:32:11 +1000
Processing by PagesController#homepage as HTML
  Rendering pages/homepage.html.erb within layouts/application
  Rendered pages/homepage.html.erb within layouts/application (0.4ms)
Completed 200 OK in 66ms (Views: 64.9ms | ActiveRecord: 0.0ms)


Started GET "/" for 127.0.0.1 at 2018-07-09 12:33:21 +1000
Processing by PagesController#homepage as HTML
  Rendering pages/homepage.html.erb within layouts/application
  Rendered pages/homepage.html.erb within layouts/application (0.5ms)
Completed 200 OK in 86ms (Views: 83.9ms | ActiveRecord: 0.0ms)


Started GET "/books" for 127.0.0.1 at 2018-07-09 12:33:22 +1000
Processing by PagesController#books as HTML
  Rendering pages/books.html.erb within layouts/application
  Rendered pages/books.html.erb within layouts/application (0.7ms)
Completed 200 OK in 79ms (Views: 77.7ms | ActiveRecord: 0.0ms)


Started GET "/stocks" for 127.0.0.1 at 2018-07-09 12:33:23 +1000
Processing by PagesController#stocks as HTML
  Rendering pages/stocks.html.erb within layouts/application
  Rendered pages/stocks.html.erb within layouts/application (0.6ms)
Completed 200 OK in 64ms (Views: 63.5ms | ActiveRecord: 0.0ms)


Started GET "/books" for 127.0.0.1 at 2018-07-09 12:33:24 +1000
Processing by PagesController#books as HTML
  Rendering pages/books.html.erb within layouts/application
  Rendered pages/books.html.erb within layouts/application (1.0ms)
Completed 200 OK in 78ms (Views: 76.2ms | ActiveRecord: 0.0ms)


Started GET "/" for 127.0.0.1 at 2018-07-09 12:33:24 +1000
Processing by PagesController#homepage as HTML
  Rendering pages/homepage.html.erb within layouts/application
  Rendered pages/homepage.html.erb within layouts/application (0.5ms)
Completed 200 OK in 99ms (Views: 97.2ms | ActiveRecord: 0.0ms)


Started GET "/" for 127.0.0.1 at 2018-07-09 12:35:23 +1000
Processing by PagesController#homepage as HTML
  Rendering pages/homepage.html.erb within layouts/application
  Rendered pages/homepage.html.erb within layouts/application (0.8ms)
Completed 200 OK in 79ms (Views: 78.0ms | ActiveRecord: 0.0ms)


Started GET "/" for 127.0.0.1 at 2018-07-09 12:35:25 +1000
Processing by PagesController#homepage as HTML
  Rendering pages/homepage.html.erb within layouts/application
  Rendered pages/homepage.html.erb within layouts/application (0.4ms)
Completed 200 OK in 65ms (Views: 64.6ms | ActiveRecord: 0.0ms)


Started GET "/books" for 127.0.0.1 at 2018-07-09 12:35:26 +1000
Processing by PagesController#books as HTML
  Rendering pages/books.html.erb within layouts/application
  Rendered pages/books.html.erb within layouts/application (0.6ms)
Completed 200 OK in 77ms (Views: 74.9ms | ActiveRecord: 0.0ms)


Started GET "/stocks" for 127.0.0.1 at 2018-07-09 12:35:26 +1000
Processing by PagesController#stocks as HTML
  Rendering pages/stocks.html.erb within layouts/application
  Rendered pages/stocks.html.erb within layouts/application (0.7ms)
Completed 200 OK in 69ms (Views: 67.2ms | ActiveRecord: 0.0ms)


Started GET "/" for 127.0.0.1 at 2018-07-09 12:35:27 +1000
Processing by PagesController#homepage as HTML
  Rendering pages/homepage.html.erb within layouts/application
  Rendered pages/homepage.html.erb within layouts/application (0.4ms)
Completed 200 OK in 77ms (Views: 75.6ms | ActiveRecord: 0.0ms)


Started GET "/" for 127.0.0.1 at 2018-07-09 12:35:58 +1000
Processing by PagesController#homepage as HTML
  Rendering pages/homepage.html.erb within layouts/application
  Rendered pages/homepage.html.erb within layouts/application (0.4ms)
Completed 200 OK in 91ms (Views: 89.8ms | ActiveRecord: 0.0ms)


